<?xml version="1.0" encoding="UTF-8"?>
<testsuite name="Купить стиральную машину" tests="1" skipped="0" failures="0" errors="0" timestamp="2024-02-17T08:14:34" hostname="PC-ZAUSTINSKY" time="22.408">
  <properties/>
  <testcase name="Покупка стиральной машины" classname="skillbox.Work8_5withPageObject" time="22.408"/>
  <system-out><![CDATA[]]></system-out>
  <system-err><![CDATA[[Test worker] INFO com.codeborne.selenide.impl.WebDriverThreadLocalContainer - No webdriver is bound to current thread: 15 - let's create a new webdriver
[Test worker] INFO com.codeborne.selenide.webdriver.BrowserResizer - Set browser size to 1366x768
[Test worker] INFO com.codeborne.selenide.webdriver.WebDriverFactory - BrowserName=firefox Version=93.0 Platform=linux
[Test worker] INFO com.codeborne.selenide.webdriver.WebDriverFactory - Selenide v. 6.17.2
[Test worker] INFO com.codeborne.selenide.webdriver.WebDriverFactory - Selenium WebDriver v. 4.11.0 build revision: 040bc5406b
[Test worker] INFO com.codeborne.selenide.drivercommands.CreateDriverCommand - Created webdriver in thread 15: RemoteWebDriver -> RemoteWebDriver: firefox on linux (3a1e998e-0999-49bd-b675-fb31d3012554)
[Test worker] INFO com.codeborne.selenide.drivercommands.DisposablesRegistry - Register WebDriverInstance[config=StaticConfig,webDriver=RemoteWebDriver: firefox on linux (3a1e998e-0999-49bd-b675-fb31d3012554),proxy=null,downloadsFolder=null] in 15 [size=1]
[Test worker] INFO com.codeborne.selenide.drivercommands.DisposablesRegistry - Add shutdown hook in 15 [size=1]
]]></system-err>
</testsuite>
