<?xml version="1.0" encoding="UTF-8"?>
<testsuite name="Тест заказа пиццы, регистрация пользователя, проверки введенной информации + тест 2-х фич" tests="1" skipped="0" failures="1" errors="0" timestamp="2024-02-21T10:46:14" hostname="PC-ZAUSTINSKY" time="6.228">
  <properties/>
  <testcase name="Добавление заказа в корзину, с последующей регистрацией пользователя" classname="skillbox.FinalWork_Tests" time="6.228">
    <failure message="java.lang.VerifyError: Expecting a stackmap frame at branch target 33&#10;Exception Details:&#10;  Location:&#10;    skillbox/finalWork/MainPage.setSearch(Ljava/lang/String;)V @12: invokestatic&#10;  Reason:&#10;    Expected stackmap frame at this location.&#10;  Bytecode:&#10;    0000000: 2b4e b200 532a 2a2d b800 594d b800 5f2c&#10;    0000010: b600 632a b400 1c2b b900 3d02 0057 a700&#10;    0000020: 103a 04b8 005f 1904 b600 6719 04bf b800&#10;    0000030: 5fb6 006a b1                           &#10;  Exception Handler Table:&#10;    bci [12, 33] =&gt; handler: 33&#10;" type="java.lang.VerifyError">java.lang.VerifyError: Expecting a stackmap frame at branch target 33
Exception Details:
  Location:
    skillbox/finalWork/MainPage.setSearch(Ljava/lang/String;)V @12: invokestatic
  Reason:
    Expected stackmap frame at this location.
  Bytecode:
    0000000: 2b4e b200 532a 2a2d b800 594d b800 5f2c
    0000010: b600 632a b400 1c2b b900 3d02 0057 a700
    0000020: 103a 04b8 005f 1904 b600 6719 04bf b800
    0000030: 5fb6 006a b1                           
  Exception Handler Table:
    bci [12, 33] =&gt; handler: 33

	at skillbox.FinalWork_Tests.orderingPizza(FinalWork_Tests.java:71)
	at java.base/java.lang.reflect.Method.invoke(Method.java:567)
	at java.base/java.util.ArrayList.forEach(ArrayList.java:1511)
	at java.base/java.util.ArrayList.forEach(ArrayList.java:1511)
</failure>
  </testcase>
  <system-out><![CDATA[]]></system-out>
  <system-err><![CDATA[[Test worker] INFO com.codeborne.selenide.impl.WebDriverThreadLocalContainer - No webdriver is bound to current thread: 15 - let's create a new webdriver
[Test worker] INFO com.codeborne.selenide.impl.FileHelper - Creating folder: D:\projects\Java\selenide\build\downloads\1708512374632_27684_15
[Test worker] INFO com.codeborne.selenide.webdriver.SelenideNettyClientFactory - Changed readTimeout from PT3M to PT1M30S
[Test worker] INFO com.codeborne.selenide.webdriver.SelenideNettyClientFactory - Changed readTimeout from PT3M to PT1M30S
[Test worker] INFO com.codeborne.selenide.webdriver.BrowserResizer - Set browser size to 1366x768
[Test worker] INFO com.codeborne.selenide.webdriver.WebDriverFactory - BrowserName=firefox Version=122.0.1 Platform=windows
[Test worker] INFO com.codeborne.selenide.webdriver.WebDriverFactory - Selenide v. 6.17.2
[Test worker] INFO com.codeborne.selenide.webdriver.WebDriverFactory - Selenium WebDriver v. 4.11.0 build revision: 040bc5406b
[Test worker] INFO com.codeborne.selenide.drivercommands.CreateDriverCommand - Created webdriver in thread 15: FirefoxDriver -> FirefoxDriver: firefox on windows (85d63460-e6bc-450c-9e71-c5566caa0452)
[Test worker] INFO com.codeborne.selenide.drivercommands.DisposablesRegistry - Register WebDriverInstance[config=StaticConfig,webDriver=FirefoxDriver: firefox on windows (85d63460-e6bc-450c-9e71-c5566caa0452),proxy=null,downloadsFolder=D:\projects\Java\selenide\build\downloads\1708512374632_27684_15] in 15 [size=1]
[Test worker] INFO com.codeborne.selenide.drivercommands.DisposablesRegistry - Add shutdown hook in 15 [size=1]
AspectJ Internal Error: unable to add stackmap attributes. Unsupported class file major version 60
]]></system-err>
</testsuite>
